<?xml version="1.0" encoding="UTF-8"?>
<testng-results ignored="0" total="1" passed="1" failed="0" skipped="0">
  <reporter-output>
  </reporter-output>
  <suite started-at="2022-08-06T15:55:38 IST" name="Default suite" finished-at="2022-08-06T15:56:09 IST" duration-ms="30466">
    <groups>
    </groups>
    <test started-at="2022-08-06T15:55:38 IST" name="Default test" finished-at="2022-08-06T15:56:09 IST" duration-ms="30466">
      <class name="com.timeKeeping.actitime.customer.CreateCustomerTest">
        <test-method signature="createCustomerTest()[pri:0, instance:com.timeKeeping.actitime.customer.CreateCustomerTest@5403f35f]" started-at="2022-08-06T15:55:38 IST" name="createCustomerTest" finished-at="2022-08-06T15:56:09 IST" duration-ms="30367" status="PASS">
          <reporter-output>
          </reporter-output>
        </test-method> <!-- createCustomerTest -->
      </class> <!-- com.timeKeeping.actitime.customer.CreateCustomerTest -->
    </test> <!-- Default test -->
  </suite> <!-- Default suite -->
</testng-results>
